<?xml version="1.0" encoding="UTF-8"?>
<testng-results ignored="0" total="1" passed="1" failed="0" skipped="0">
  <reporter-output>
  </reporter-output>
  <suite started-at="2024-12-11T12:53:48 IST" name="Default suite" finished-at="2024-12-11T12:54:00 IST" duration-ms="11700">
    <groups>
    </groups>
    <test started-at="2024-12-11T12:53:48 IST" name="Default test" finished-at="2024-12-11T12:54:00 IST" duration-ms="11700">
      <class name="com.testcase.A">
        <test-method signature="testcaseone()[pri:0, instance:com.testcase.A@39529185]" started-at="2024-12-11T12:53:48 IST" name="testcaseone" finished-at="2024-12-11T12:54:00 IST" duration-ms="11608" status="PASS">
          <reporter-output>
          </reporter-output>
        </test-method> <!-- testcaseone -->
      </class> <!-- com.testcase.A -->
    </test> <!-- Default test -->
  </suite> <!-- Default suite -->
</testng-results>
